<?xml version="1.0" encoding="UTF-8"?>
<testsuite xmlns:xsi="http://www.w3.org/2001/XMLSchema-instance" xsi:noNamespaceSchemaLocation="https://maven.apache.org/surefire/maven-surefire-plugin/xsd/surefire-test-report-3.0.xsd" version="3.0" name="cli_java_task.cli.AppTest" time="1.04" tests="18" errors="0" skipped="0" failures="0">
  <properties>
    <property name="java.specification.version" value="21"/>
    <property name="sonar.host.url" value="http://localhost:9000"/>
    <property name="sun.jnu.encoding" value="UTF-8"/>
    <property name="java.class.path" value="/home/srinivas/eclipse-workspace/cli_java/target/test-classes:/home/srinivas/eclipse-workspace/cli_java/target/classes:/home/srinivas/.m2/repository/junit/junit/3.8.1/junit-3.8.1.jar:/home/srinivas/.m2/repository/org/apache/logging/log4j/log4j-api/2.20.0/log4j-api-2.20.0.jar:/home/srinivas/.m2/repository/org/apache/logging/log4j/log4j-core/2.20.0/log4j-core-2.20.0.jar:/home/srinivas/.m2/repository/org/jacoco/jacoco-maven-plugin/0.8.11/jacoco-maven-plugin-0.8.11.jar:/home/srinivas/.m2/repository/org/codehaus/plexus/plexus-utils/3.0.24/plexus-utils-3.0.24.jar:/home/srinivas/.m2/repository/org/apache/maven/shared/file-management/3.1.0/file-management-3.1.0.jar:/home/srinivas/.m2/repository/org/slf4j/slf4j-api/1.7.36/slf4j-api-1.7.36.jar:/home/srinivas/.m2/repository/commons-io/commons-io/2.11.0/commons-io-2.11.0.jar:/home/srinivas/.m2/repository/org/apache/maven/reporting/maven-reporting-api/3.0/maven-reporting-api-3.0.jar:/home/srinivas/.m2/repository/org/apache/maven/doxia/doxia-sink-api/1.0/doxia-sink-api-1.0.jar:/home/srinivas/.m2/repository/org/jacoco/org.jacoco.agent/0.8.11/org.jacoco.agent-0.8.11-runtime.jar:/home/srinivas/.m2/repository/org/jacoco/org.jacoco.core/0.8.11/org.jacoco.core-0.8.11.jar:/home/srinivas/.m2/repository/org/ow2/asm/asm/9.6/asm-9.6.jar:/home/srinivas/.m2/repository/org/ow2/asm/asm-commons/9.6/asm-commons-9.6.jar:/home/srinivas/.m2/repository/org/ow2/asm/asm-tree/9.6/asm-tree-9.6.jar:/home/srinivas/.m2/repository/org/jacoco/org.jacoco.report/0.8.11/org.jacoco.report-0.8.11.jar:/home/srinivas/.m2/repository/org/mockito/mockito-core/4.8.1/mockito-core-4.8.1.jar:/home/srinivas/.m2/repository/net/bytebuddy/byte-buddy/1.12.16/byte-buddy-1.12.16.jar:/home/srinivas/.m2/repository/net/bytebuddy/byte-buddy-agent/1.12.16/byte-buddy-agent-1.12.16.jar:/home/srinivas/.m2/repository/org/objenesis/objenesis/3.2/objenesis-3.2.jar:"/>
    <property name="java.vm.vendor" value="Red Hat, Inc."/>
    <property name="sun.arch.data.model" value="64"/>
    <property name="java.vendor.url" value="https://www.redhat.com/"/>
    <property name="os.name" value="Linux"/>
    <property name="java.vm.specification.version" value="21"/>
    <property name="sun.java.launcher" value="SUN_STANDARD"/>
    <property name="user.country" value="IN"/>
    <property name="sun.boot.library.path" value="/usr/lib/jvm/java-21-openjdk/lib"/>
    <property name="sun.java.command" value="/home/srinivas/eclipse-workspace/cli_java/target/surefire/surefirebooter-20250410093145315_3.jar /home/srinivas/eclipse-workspace/cli_java/target/surefire 2025-04-10T09-31-45_207-jvmRun1 surefire-20250410093145315_1tmp surefire_0-20250410093145315_2tmp"/>
    <property name="jdk.debug" value="release"/>
    <property name="surefire.test.class.path" value="/home/srinivas/eclipse-workspace/cli_java/target/test-classes:/home/srinivas/eclipse-workspace/cli_java/target/classes:/home/srinivas/.m2/repository/junit/junit/3.8.1/junit-3.8.1.jar:/home/srinivas/.m2/repository/org/apache/logging/log4j/log4j-api/2.20.0/log4j-api-2.20.0.jar:/home/srinivas/.m2/repository/org/apache/logging/log4j/log4j-core/2.20.0/log4j-core-2.20.0.jar:/home/srinivas/.m2/repository/org/jacoco/jacoco-maven-plugin/0.8.11/jacoco-maven-plugin-0.8.11.jar:/home/srinivas/.m2/repository/org/codehaus/plexus/plexus-utils/3.0.24/plexus-utils-3.0.24.jar:/home/srinivas/.m2/repository/org/apache/maven/shared/file-management/3.1.0/file-management-3.1.0.jar:/home/srinivas/.m2/repository/org/slf4j/slf4j-api/1.7.36/slf4j-api-1.7.36.jar:/home/srinivas/.m2/repository/commons-io/commons-io/2.11.0/commons-io-2.11.0.jar:/home/srinivas/.m2/repository/org/apache/maven/reporting/maven-reporting-api/3.0/maven-reporting-api-3.0.jar:/home/srinivas/.m2/repository/org/apache/maven/doxia/doxia-sink-api/1.0/doxia-sink-api-1.0.jar:/home/srinivas/.m2/repository/org/jacoco/org.jacoco.agent/0.8.11/org.jacoco.agent-0.8.11-runtime.jar:/home/srinivas/.m2/repository/org/jacoco/org.jacoco.core/0.8.11/org.jacoco.core-0.8.11.jar:/home/srinivas/.m2/repository/org/ow2/asm/asm/9.6/asm-9.6.jar:/home/srinivas/.m2/repository/org/ow2/asm/asm-commons/9.6/asm-commons-9.6.jar:/home/srinivas/.m2/repository/org/ow2/asm/asm-tree/9.6/asm-tree-9.6.jar:/home/srinivas/.m2/repository/org/jacoco/org.jacoco.report/0.8.11/org.jacoco.report-0.8.11.jar:/home/srinivas/.m2/repository/org/mockito/mockito-core/4.8.1/mockito-core-4.8.1.jar:/home/srinivas/.m2/repository/net/bytebuddy/byte-buddy/1.12.16/byte-buddy-1.12.16.jar:/home/srinivas/.m2/repository/net/bytebuddy/byte-buddy-agent/1.12.16/byte-buddy-agent-1.12.16.jar:/home/srinivas/.m2/repository/org/objenesis/objenesis/3.2/objenesis-3.2.jar:"/>
    <property name="sun.cpu.endian" value="little"/>
    <property name="user.home" value="/home/srinivas"/>
    <property name="user.language" value="en"/>
    <property name="java.specification.vendor" value="Oracle Corporation"/>
    <property name="java.version.date" value="2025-01-21"/>
    <property name="java.home" value="/usr/lib/jvm/java-21-openjdk"/>
    <property name="file.separator" value="/"/>
    <property name="basedir" value="/home/srinivas/eclipse-workspace/cli_java"/>
    <property name="java.vm.compressedOopsMode" value="32-bit"/>
    <property name="line.separator" value="&#10;"/>
    <property name="java.vm.specification.vendor" value="Oracle Corporation"/>
    <property name="java.specification.name" value="Java Platform API Specification"/>
    <property name="surefire.real.class.path" value="/home/srinivas/eclipse-workspace/cli_java/target/surefire/surefirebooter-20250410093145315_3.jar"/>
    <property name="sun.management.compiler" value="HotSpot 64-Bit Tiered Compilers"/>
    <property name="java.runtime.version" value="21.0.6+7"/>
    <property name="user.name" value="srinivas"/>
    <property name="stdout.encoding" value="UTF-8"/>
    <property name="path.separator" value=":"/>
    <property name="os.version" value="6.13.9-200.fc41.x86_64"/>
    <property name="java.runtime.name" value="OpenJDK Runtime Environment"/>
    <property name="file.encoding" value="UTF-8"/>
    <property name="java.vm.name" value="OpenJDK 64-Bit Server VM"/>
    <property name="java.vendor.version" value="(Red_Hat-21.0.6.0.7-1)"/>
    <property name="localRepository" value="/home/srinivas/.m2/repository"/>
    <property name="java.vendor.url.bug" value="https://bugzilla.redhat.com/enter_bug.cgi?product=Fedora&amp;component=java-21-openjdk&amp;version=40"/>
    <property name="java.io.tmpdir" value="/tmp"/>
    <property name="sonar.token" value="sqp_9e26ebb7a5207e8d96ef47c05af7f47c5f75d409"/>
    <property name="java.version" value="21.0.6"/>
    <property name="user.dir" value="/home/srinivas/eclipse-workspace/cli_java"/>
    <property name="os.arch" value="amd64"/>
    <property name="java.vm.specification.name" value="Java Virtual Machine Specification"/>
    <property name="native.encoding" value="UTF-8"/>
    <property name="sonar.projectKey" value="cli_java"/>
    <property name="java.library.path" value="/usr/java/packages/lib:/usr/lib64:/lib64:/lib:/usr/lib"/>
    <property name="java.vm.info" value="mixed mode, sharing"/>
    <property name="stderr.encoding" value="UTF-8"/>
    <property name="java.vendor" value="Red Hat, Inc."/>
    <property name="java.vm.version" value="21.0.6+7"/>
    <property name="sun.io.unicode.encoding" value="UnicodeLittle"/>
    <property name="java.class.version" value="65.0"/>
  </properties>
  <testcase name="testsetTask" classname="cli_java_task.cli.AppTest" time="0.954"/>
  <testcase name="testToString" classname="cli_java_task.cli.AppTest" time="0.0"/>
  <testcase name="testNoTasks" classname="cli_java_task.cli.AppTest" time="0.0"/>
  <testcase name="testDisplayTasks" classname="cli_java_task.cli.AppTest" time="0.0"/>
  <testcase name="testAddTask" classname="cli_java_task.cli.AppTest" time="0.0"/>
  <testcase name="testEditTask" classname="cli_java_task.cli.AppTest" time="0.0"/>
  <testcase name="testEditTaskWithInvalidIndex" classname="cli_java_task.cli.AppTest" time="0.0"/>
  <testcase name="testDeleteTask" classname="cli_java_task.cli.AppTest" time="0.0"/>
  <testcase name="testDeleteTaskWithInvalidIndex" classname="cli_java_task.cli.AppTest" time="0.0"/>
  <testcase name="testMarkTaskAsComplete" classname="cli_java_task.cli.AppTest" time="0.0"/>
  <testcase name="testMarkTaskAsCompleteWithInvalidIndex" classname="cli_java_task.cli.AppTest" time="0.0"/>
  <testcase name="testInvalidTaskIndex" classname="cli_java_task.cli.AppTest" time="0.002"/>
  <testcase name="testRun" classname="cli_java_task.cli.AppTest" time="0.026"/>
  <testcase name="testDisplay" classname="cli_java_task.cli.AppTest" time="0.006"/>
  <testcase name="testmarkCompleted" classname="cli_java_task.cli.AppTest" time="0.001"/>
  <testcase name="testdefault" classname="cli_java_task.cli.AppTest" time="0.002"/>
  <testcase name="testDeleteTaskmain" classname="cli_java_task.cli.AppTest" time="0.001"/>
  <testcase name="testMainMethod" classname="cli_java_task.cli.AppTest" time="0.003"/>
</testsuite>